<?xml version="1.0" encoding="UTF-8"?>
<!-- Generated by org.testng.reporters.JUnitXMLReporter -->
<testsuite hostname="NODE532" name="Default test" tests="3" failures="0" timestamp="20 Apr 2016 05:05:43 GMT" time="79.297" errors="0">
  <testcase name="openPayTm" time="42.613" classname="com.mobile.base.PayTmLogin"/>
  <testcase name="loginTest" time="25.42" classname="com.mobile.base.PayTmLogin"/>
  <testcase name="addToCart" time="11.254" classname="com.mobile.base.PayTmLogin"/>
</testsuite> <!-- Default test -->
